This is LuaTeX, Version beta-0.76.0-2013062821 (rev 4627)  (format=lualatex 2014.9.28)  30 SEP 2014 19:33
**cv_12.tex
(H:/cs150/resume/cv_12.tex
LaTeX2e <2011/06/27>
Babel <v3.8m> and hyphenation patterns for english, afrikaans, ancientgreek, ara
bic, armenian, assamese, basque, bengali, bokmal, bulgarian, catalan, coptic, cr
oatian, czech, danish, dutch, esperanto, estonian, farsi, finnish, french, galic
ian, german, german-x-2013-05-26, greek, gujarati, hindi, hungarian, icelandic, 
indonesian, interlingua, irish, italian, kannada, kurmanji, latin, latvian, lith
uanian, malayalam, marathi, mongolian, mongolianlmc, monogreek, ngerman, ngerman
-x-2013-05-26, nynorsk, oriya, panjabi, pinyin, polish, portuguese, romanian, ru
ssian, sanskrit, serbian, slovak, slovenian, spanish, swedish, swissgerman, tami
l, telugu, turkish, turkmen, ukenglish, ukrainian, uppersorbian, usenglishmax, w
elsh, loaded.
(H:/cs150/resume/deedy-resume.cls
Document Class: deedy-resume 2014/04/30 CV class
("C:/Program Files/MiKTeX 2.9/tex/latex/base/article.cls"
Document Class: article 2007/10/19 v1.4h Standard LaTeX document class
("C:/Program Files/MiKTeX 2.9/tex/latex/base/size10.clo"
File: size10.clo 2007/10/19 v1.4h Standard LaTeX file (size option)
)
\c@part=\count79
\c@section=\count80
\c@subsection=\count81
\c@subsubsection=\count82
\c@paragraph=\count83
\c@subparagraph=\count84
\c@figure=\count85
\c@table=\count86
\abovecaptionskip=\skip41
\belowcaptionskip=\skip42
\bibindent=\dimen102
)
("C:/Program Files/MiKTeX 2.9/tex/latex/geometry/geometry.sty"
Package: geometry 2010/09/12 v5.6 Page Geometry

("C:/Program Files/MiKTeX 2.9/tex/latex/graphics/keyval.sty"
Package: keyval 1999/03/16 v1.13 key=value parser (DPC)
\KV@toks@=\toks14
)
("C:/Program Files/MiKTeX 2.9/tex/generic/oberdiek/ifpdf.sty"
Package: ifpdf 2011/01/30 v2.3 Provides the ifpdf switch (HO)
Package ifpdf Info: pdfTeX in PDF mode is detected.
)
("C:/Program Files/MiKTeX 2.9/tex/generic/oberdiek/ifvtex.sty"
Package: ifvtex 2010/03/01 v1.5 Detect VTeX and its facilities (HO)
Package ifvtex Info: VTeX not detected.
)
("C:/Program Files/MiKTeX 2.9/tex/generic/ifxetex/ifxetex.sty"
Package: ifxetex 2010/09/12 v0.6 Provides ifxetex conditional
)
\Gm@cnth=\count87
\Gm@cntv=\count88
\c@Gm@tempcnt=\count89
\Gm@bindingoffset=\dimen103
\Gm@wd@mp=\dimen104
\Gm@odd@mp=\dimen105
\Gm@even@mp=\dimen106
\Gm@layoutwidth=\dimen107
\Gm@layoutheight=\dimen108
\Gm@layouthoffset=\dimen109
\Gm@layoutvoffset=\dimen110
\Gm@dimlist=\toks15

("C:/Program Files/MiKTeX 2.9/tex/latex/geometry/geometry.cfg"))
("C:/Program Files/MiKTeX 2.9/tex/latex/hyperref/hyperref.sty"
Package: hyperref 2012/11/06 v6.83m Hypertext links for LaTeX

("C:/Program Files/MiKTeX 2.9/tex/generic/oberdiek/hobsub-hyperref.sty"
Package: hobsub-hyperref 2012/04/25 v1.12 Bundle oberdiek, subset hyperref (HO)

("C:/Program Files/MiKTeX 2.9/tex/generic/oberdiek/hobsub-generic.sty"
Package: hobsub-generic 2012/04/25 v1.12 Bundle oberdiek, subset generic (HO)
Package: hobsub 2012/04/25 v1.12 Construct package bundles (HO)
Package: infwarerr 2010/04/08 v1.3 Providing info/warning/error messages (HO)
Package: ltxcmds 2011/11/09 v1.22 LaTeX kernel commands for general use (HO)
Package: ifluatex 2010/03/01 v1.3 Provides the ifluatex switch (HO)
Package ifluatex Info: LuaTeX detected.
Package hobsub Info: Skipping package `ifvtex' (already loaded).
Package: intcalc 2007/09/27 v1.1 Expandable calculations with integers (HO)
Package hobsub Info: Skipping package `ifpdf' (already loaded).
Package: etexcmds 2011/02/16 v1.5 Avoid name clashes with e-TeX commands (HO)
Package: kvsetkeys 2012/04/25 v1.16 Key value parser (HO)
Package: kvdefinekeys 2011/04/07 v1.3 Define keys (HO)
Package: luatex-loader 2010/03/09 v0.4 Lua module loader (HO)

(C:/Program Files/MiKTeX 2.9/scripts/oberdiek/oberdiek.luatex.lua)
Package: pdftexcmds 2011/11/29 v0.20 Utility functions of pdfTeX for LuaTeX (HO)

Package pdftexcmds Info: \pdf@primitive is available.
Package pdftexcmds Info: \pdf@ifprimitive is available.
Package pdftexcmds Info: \pdfdraftmode found.
\pdftexcmds@toks=\toks16
Package: pdfescape 2011/11/25 v1.13 Implements pdfTeX's escape features (HO)
Package: bigintcalc 2012/04/08 v1.3 Expandable calculations on big integers (HO)

Package: bitset 2011/01/30 v1.1 Handle bit-vector datatype (HO)
Package: uniquecounter 2011/01/30 v1.2 Provide unlimited unique counter (HO)
)
Package hobsub Info: Skipping package `hobsub' (already loaded).
Package: letltxmacro 2010/09/02 v1.4 Let assignment for LaTeX macros (HO)
Package: hopatch 2011/06/24 v1.1 Wrapper for package hooks (HO)
Package: xcolor-patch 2011/01/30 xcolor patch
Package: atveryend 2011/06/30 v1.8 Hooks at the very end of document (HO)
Package atveryend Info: \enddocument detected (standard20110627).
Package: atbegshi 2011/10/05 v1.16 At begin shipout hook (HO)
Package: refcount 2011/10/16 v3.4 Data extraction from label references (HO)
Package: hycolor 2011/01/30 v1.7 Color options for hyperref/bookmark (HO)
)
("C:/Program Files/MiKTeX 2.9/tex/latex/oberdiek/auxhook.sty"
Package: auxhook 2011/03/04 v1.3 Hooks for auxiliary files (HO)
)
("C:/Program Files/MiKTeX 2.9/tex/latex/oberdiek/kvoptions.sty"
Package: kvoptions 2011/06/30 v3.11 Key value format for package options (HO)
)
\@linkdim=\dimen111
\Hy@linkcounter=\count90
\Hy@pagecounter=\count91

("C:/Program Files/MiKTeX 2.9/tex/latex/hyperref/pd1enc.def"
File: pd1enc.def 2012/11/06 v6.83m Hyperref: PDFDocEncoding definition (HO)
)
\Hy@SavedSpaceFactor=\count92

("C:/Program Files/MiKTeX 2.9/tex/latex/00miktex/hyperref.cfg"
File: hyperref.cfg 2002/06/06 v1.2 hyperref configuration of TeXLive
)
Package hyperref Info: Hyper figures OFF on input line 4443.
Package hyperref Info: Link nesting OFF on input line 4448.
Package hyperref Info: Hyper index ON on input line 4451.
Package hyperref Info: Plain pages OFF on input line 4458.
Package hyperref Info: Backreferencing OFF on input line 4463.
Package hyperref Info: Implicit mode ON; LaTeX internals redefined.
Package hyperref Info: Bookmarks ON on input line 4688.
\c@Hy@tempcnt=\count93

("C:/Program Files/MiKTeX 2.9/tex/latex/url/url.sty"
\Urlmuskip=\muskip10
Package: url 2013/09/16  ver 3.4  Verb mode for urls, etc.
)
LaTeX Info: Redefining \url on input line 5041.
\XeTeXLinkMargin=\dimen112
\Fld@menulength=\count94
\Field@Width=\dimen113
\Fld@charsize=\dimen114
Package hyperref Info: Hyper figures OFF on input line 6295.
Package hyperref Info: Link nesting OFF on input line 6300.
Package hyperref Info: Hyper index ON on input line 6303.
Package hyperref Info: backreferencing OFF on input line 6310.
Package hyperref Info: Link coloring OFF on input line 6315.
Package hyperref Info: Link coloring with OCG OFF on input line 6320.
Package hyperref Info: PDF/A mode OFF on input line 6325.
LaTeX Info: Redefining \ref on input line 6365.
LaTeX Info: Redefining \pageref on input line 6369.
\Hy@abspage=\count95
\c@Item=\count96
\c@Hfootnote=\count97
)

Package hyperref Message: Driver (autodetected): hpdftex.

("C:/Program Files/MiKTeX 2.9/tex/latex/hyperref/hpdftex.def"
File: hpdftex.def 2012/11/06 v6.83m Hyperref driver for pdfTeX
\Fld@listcount=\count98
\c@bookmark@seq@number=\count99

("C:/Program Files/MiKTeX 2.9/tex/latex/oberdiek/rerunfilecheck.sty"
Package: rerunfilecheck 2011/04/15 v1.7 Rerun checks for auxiliary files (HO)
Package uniquecounter Info: New unique counter `rerunfilecheck' on input line 28
2.
)
\Hy@SectionHShift=\skip43
)
("C:/Program Files/MiKTeX 2.9/tex/latex/xcolor/xcolor.sty"
Package: xcolor 2007/01/21 v2.11 LaTeX color extensions (UK)

("C:/Program Files/MiKTeX 2.9/tex/latex/00miktex/color.cfg"
File: color.cfg 2007/01/18 v1.5 color configuration of teTeX/TeXLive
)
Package xcolor Info: Package option `usenames' ignored on input line 216.
Package xcolor Info: Driver file: pdftex.def on input line 225.

("C:/Program Files/MiKTeX 2.9/tex/latex/pdftex-def/pdftex.def"
File: pdftex.def 2011/05/27 v0.06d Graphics/color for pdfTeX
\Gread@gobject=\count100
)
Package xcolor Info: Model `cmy' substituted by `cmy0' on input line 1337.
Package xcolor Info: Model `hsb' substituted by `rgb' on input line 1341.
Package xcolor Info: Model `RGB' extended on input line 1353.
Package xcolor Info: Model `HTML' substituted by `rgb' on input line 1355.
Package xcolor Info: Model `Hsb' substituted by `hsb' on input line 1356.
Package xcolor Info: Model `tHsb' substituted by `hsb' on input line 1357.
Package xcolor Info: Model `HSB' substituted by `hsb' on input line 1358.
Package xcolor Info: Model `Gray' substituted by `gray' on input line 1359.
Package xcolor Info: Model `wave' substituted by `hsb' on input line 1360.

("C:/Program Files/MiKTeX 2.9/tex/latex/graphics/dvipsnam.def"
File: dvipsnam.def 1999/02/16 v3.0i Driver-dependant file (DPC,SPQR)
))
("C:/Program Files/MiKTeX 2.9/tex/latex/fontspec/fontspec.sty"
Package: fontspec 2013/05/20 v2.3c Font selection for XeLaTeX and LuaLaTeX

("C:/Program Files/MiKTeX 2.9/tex/latex/l3kernel/expl3.sty"
("C:/Program Files/MiKTeX 2.9/tex/latex/l3kernel/l3names.sty"
("C:/Program Files/MiKTeX 2.9/tex/latex/l3kernel/l3bootstrap.sty"
Package: l3bootstrap 2014/01/04 v4640 L3 Experimental bootstrap code

("C:/Program Files/MiKTeX 2.9/tex/generic/oberdiek/luatex.sty"
Package: luatex 2010/03/09 v0.4 LuaTeX basic definition package (HO)

("C:/Program Files/MiKTeX 2.9/tex/latex/misc/etex.sty"
Package: etex 1998/03/26 v2.0 eTeX basic definition package (PEB)
\et@xins=\count101
)
\LuT@AllocAttribute=\count277
\LuT@AllocCatcodeTable=\count278
\CatcodeTableStack=\count279
\CatcodeTableIniTeX=\catcodetable1
\CatcodeTableString=\catcodetable3
\CatcodeTableOther=\catcodetable5
\CatcodeTableLaTeX=\catcodetable7
))
Package: l3names 2014/01/04 v4640 L3 Namespace for primitives
)
Package: expl3 2014/01/07 v4646 L3 Experimental code bundle wrapper

("C:/Program Files/MiKTeX 2.9/tex/latex/l3kernel/l3basics.sty"
Package: l3basics 2014/01/04 v4642 L3 Basic definitions
)
("C:/Program Files/MiKTeX 2.9/tex/latex/l3kernel/l3expan.sty"
Package: l3expan 2014/01/04 v4642 L3 Argument expansion
)
("C:/Program Files/MiKTeX 2.9/tex/latex/l3kernel/l3tl.sty"
Package: l3tl 2013/12/27 v4625 L3 Token lists
)
("C:/Program Files/MiKTeX 2.9/tex/latex/l3kernel/l3seq.sty"
Package: l3seq 2013/12/14 v4623 L3 Sequences and stacks
)
("C:/Program Files/MiKTeX 2.9/tex/latex/l3kernel/l3int.sty"
Package: l3int 2013/08/02 v4583 L3 Integers
\c_max_int=\count280
\l_tmpa_int=\count281
\l_tmpb_int=\count282
\g_tmpa_int=\count283
\g_tmpb_int=\count284
)
("C:/Program Files/MiKTeX 2.9/tex/latex/l3kernel/l3quark.sty"
Package: l3quark 2013/12/14 v4623 L3 Quarks
)
("C:/Program Files/MiKTeX 2.9/tex/latex/l3kernel/l3prg.sty"
Package: l3prg 2014/01/04 v4642 L3 Control structures
\g__prg_map_int=\count285
)
("C:/Program Files/MiKTeX 2.9/tex/latex/l3kernel/l3clist.sty"
Package: l3clist 2013/07/28 v4581 L3 Comma separated lists
)
("C:/Program Files/MiKTeX 2.9/tex/latex/l3kernel/l3token.sty"
Package: l3token 2013/08/25 v4587 L3 Experimental token manipulation
)
("C:/Program Files/MiKTeX 2.9/tex/latex/l3kernel/l3prop.sty"
Package: l3prop 2013/12/14 v4623 L3 Property lists
)
("C:/Program Files/MiKTeX 2.9/tex/latex/l3kernel/l3msg.sty"
Package: l3msg 2013/07/28 v4581 L3 Messages
)
("C:/Program Files/MiKTeX 2.9/tex/latex/l3kernel/l3file.sty"
Package: l3file 2013/10/13 v4596 L3 File and I/O operations
\l_iow_line_count_int=\count286
\l__iow_target_count_int=\count287
\l__iow_current_line_int=\count288
\l__iow_current_word_int=\count289
\l__iow_current_indentation_int=\count290
)
("C:/Program Files/MiKTeX 2.9/tex/latex/l3kernel/l3skip.sty"
Package: l3skip 2013/07/28 v4581 L3 Dimensions and skips
\c_zero_dim=\dimen256
\c_max_dim=\dimen257
\l_tmpa_dim=\dimen258
\l_tmpb_dim=\dimen259
\g_tmpa_dim=\dimen260
\g_tmpb_dim=\dimen261
\c_zero_skip=\skip256
\c_max_skip=\skip257
\l_tmpa_skip=\skip258
\l_tmpb_skip=\skip259
\g_tmpa_skip=\skip260
\g_tmpb_skip=\skip261
\c_zero_muskip=\muskip11
\c_max_muskip=\muskip12
\l_tmpa_muskip=\muskip13
\l_tmpb_muskip=\muskip14
\g_tmpa_muskip=\muskip15
\g_tmpb_muskip=\muskip16
)
("C:/Program Files/MiKTeX 2.9/tex/latex/l3kernel/l3keys.sty"
Package: l3keys 2013/12/08 v4614 L3 Experimental key-value interfaces
\g__keyval_level_int=\count291
\l_keys_choice_int=\count292
)
("C:/Program Files/MiKTeX 2.9/tex/latex/l3kernel/l3fp.sty"
Package: l3fp 2014/01/04 v4642 L3 Floating points
\c__fp_leading_shift_int=\count293
\c__fp_middle_shift_int=\count294
\c__fp_trailing_shift_int=\count295
\c__fp_big_leading_shift_int=\count296
\c__fp_big_middle_shift_int=\count297
\c__fp_big_trailing_shift_int=\count298
\c__fp_Bigg_leading_shift_int=\count299
\c__fp_Bigg_middle_shift_int=\count300
\c__fp_Bigg_trailing_shift_int=\count301
)
("C:/Program Files/MiKTeX 2.9/tex/latex/l3kernel/l3box.sty"
Package: l3box 2013/07/28 v4581 L3 Experimental boxes
\c_empty_box=\box256
\l_tmpa_box=\box257
\l_tmpb_box=\box258
\g_tmpa_box=\box259
\g_tmpb_box=\box260
)
("C:/Program Files/MiKTeX 2.9/tex/latex/l3kernel/l3coffins.sty"
Package: l3coffins 2013/12/14 v4624 L3 Coffin code layer
\l__coffin_internal_box=\box261
\l__coffin_internal_dim=\dimen262
\l__coffin_offset_x_dim=\dimen263
\l__coffin_offset_y_dim=\dimen264
\l__coffin_x_dim=\dimen265
\l__coffin_y_dim=\dimen266
\l__coffin_x_prime_dim=\dimen267
\l__coffin_y_prime_dim=\dimen268
\c_empty_coffin=\box262
\l__coffin_aligned_coffin=\box263
\l__coffin_aligned_internal_coffin=\box264
\l_tmpa_coffin=\box265
\l_tmpb_coffin=\box266
\l__coffin_display_coffin=\box267
\l__coffin_display_coord_coffin=\box268
\l__coffin_display_pole_coffin=\box269
\l__coffin_display_offset_dim=\dimen269
\l__coffin_display_x_dim=\dimen270
\l__coffin_display_y_dim=\dimen271
)
("C:/Program Files/MiKTeX 2.9/tex/latex/l3kernel/l3color.sty"
Package: l3color 2012/08/29 v4156 L3 Experimental color support
)
("C:/Program Files/MiKTeX 2.9/tex/latex/l3kernel/l3luatex.sty"
Package: l3luatex 2013/07/28 v4581 L3 Experimental LuaTeX-specific functions
\g__cctab_allocate_int=\count302
\g__cctab_stack_int=\count303
\c_code_cctab=\catcodetable9
)
("C:/Program Files/MiKTeX 2.9/tex/latex/l3kernel/l3candidates.sty"
Package: l3candidates 2014/01/06 v4643 L3 Experimental additions to l3kernel
\l__box_top_dim=\dimen272
\l__box_bottom_dim=\dimen273
\l__box_left_dim=\dimen274
\l__box_right_dim=\dimen275
\l__box_top_new_dim=\dimen276
\l__box_bottom_new_dim=\dimen277
\l__box_left_new_dim=\dimen278
\l__box_right_new_dim=\dimen279
\l__box_internal_box=\box270
\l__coffin_bounding_shift_dim=\dimen280
\l__coffin_left_corner_dim=\dimen281
\l__coffin_right_corner_dim=\dimen282
\l__coffin_bottom_corner_dim=\dimen283
\l__coffin_top_corner_dim=\dimen284
\l__coffin_scaled_total_height_dim=\dimen285
\l__coffin_scaled_width_dim=\dimen286
))
("C:/Program Files/MiKTeX 2.9/tex/latex/l3packages/xparse/xparse.sty"
Package: xparse 2013/12/31 v4634 L3 Experimental document command parser
\l__xparse_current_arg_int=\count304
\l__xparse_m_args_int=\count305
\l__xparse_mandatory_args_int=\count306
\l__xparse_processor_int=\count307
\l__xparse_v_nesting_int=\count308
)
("C:/Program Files/MiKTeX 2.9/tex/luatex/luaotfload/luaotfload.sty"
Package: luaotfload 2013/12/28 v2.4 OpenType layout system

("C:/Program Files/MiKTeX 2.9/tex/luatex/luatexbase/luatexbase.sty"
Package: luatexbase 2013/05/11 v0.6 Resource management for the LuaTeX macro pro
grammer

("C:/Program Files/MiKTeX 2.9/tex/luatex/luatexbase/luatexbase-compat.sty"
Package: luatexbase-compat 2011/05/24 v0.4 Compatibility tools for LuaTeX
)
("C:/Program Files/MiKTeX 2.9/tex/luatex/luatexbase/luatexbase-modutils.sty"
Package: luatexbase-modutils 2013/05/11 v0.6 Module utilities for LuaTeX

("C:/Program Files/MiKTeX 2.9/tex/luatex/luatexbase/luatexbase-loader.sty"
Package: luatexbase-loader 2013/05/11 v0.6 Lua module loader for LuaTeX

(C:/Program Files/MiKTeX 2.9/tex/luatex/luatexbase/luatexbase.loader.lua))
(C:/Program Files/MiKTeX 2.9/tex/luatex/luatexbase/modutils.lua)
Lua module: luatexbase-modutils 2013/05/11 0.6 Module utilities for LuaTeX
)
("C:/Program Files/MiKTeX 2.9/tex/luatex/luatexbase/luatexbase-regs.sty"
Package: luatexbase-regs 2011/05/24 v0.4 Registers allocation for LuaTeX
)
("C:/Program Files/MiKTeX 2.9/tex/luatex/luatexbase/luatexbase-attr.sty"
Package: luatexbase-attr 2013/05/11 v0.6 Attributes allocation for LuaTeX

(C:/Program Files/MiKTeX 2.9/tex/luatex/luatexbase/attr.lua)
Lua module: luatexbase-attr 2013/05/11 0.6 Attributes allocation for LuaTeX
\lltxb@attr@unsetvalue=\count309
)
("C:/Program Files/MiKTeX 2.9/tex/luatex/luatexbase/luatexbase-cctb.sty"
Package: luatexbase-cctb 2013/05/11 v0.6 Catcodetable allocation for LuaTeX

(C:/Program Files/MiKTeX 2.9/tex/luatex/luatexbase/cctb.lua)
Lua module: luatexbase-cctb 2013/05/11 0.6 Catcodetable allocation for LuaTeX
\lltxb@catcodetable@alloc=\count310
\CatcodeTableStack=\count311
\CatcodeTableIniTeX=\luatexcatcodetable1
\CatcodeTableString=\luatexcatcodetable3
\CatcodeTableOther=\luatexcatcodetable5
\CatcodeTableLaTeX=\luatexcatcodetable7
\CatcodeTableLaTeXAtLetter=\luatexcatcodetable9
\CatcodeTableExpl=\luatexcatcodetable11
)
("C:/Program Files/MiKTeX 2.9/tex/luatex/luatexbase/luatexbase-mcb.sty"
Package: luatexbase-mcb 2013/05/11 v0.6 Callback management for LuaTeX

(C:/Program Files/MiKTeX 2.9/tex/luatex/luatexbase/mcb.lua)
Lua module: luatexbase-mcb 2013/05/11 0.6 register several functions in a callba
ck
))
(C:/Program Files/MiKTeX 2.9/tex/luatex/luaotfload/luaotfload.lua)
Lua module: luaotfload 2013/12/28 2.40003 OpenType layout system.
luaotfload: push namespace for font loader
(C:/Program Files/MiKTeX 2.9/tex/luatex/luaotfload/luaotfload-fontloader.lua)(us
ing cache: C:/Users/matt/AppData/Local/MiKTeX/2.9/luatex-cache/generic)
luatexbase-attr: luatexbase.attributes["luaotfload@kernpair"] = 1
luatexbase-attr: luatexbase.attributes["luaotfload@ligacomp"] = 2
luatexbase-attr: luatexbase.attributes["luaotfload@markbase"] = 3
luatexbase-attr: luatexbase.attributes["luaotfload@markmark"] = 4
luatexbase-attr: luatexbase.attributes["luaotfload@markdone"] = 5
luatexbase-attr: luatexbase.attributes["luaotfload@cursbase"] = 6
luatexbase-attr: luatexbase.attributes["luaotfload@curscurs"] = 7
luatexbase-attr: luatexbase.attributes["luaotfload@cursdone"] = 8
luatexbase-attr: luatexbase.attributes["luaotfload@state"] = 9
luaotfload: "I am using the merged version of 'luaotfload.lua' here.
luaotfload:  If you run into problems or experience unexpected
luaotfload:  behaviour, and if you have ConTeXt installed you can try
luaotfload:  to delete the file 'luaotfload-merged.lua' as I might
luaotfload:  then use the possibly updated libraries. The merged
luaotfload:  version is not supported as it is a frozen instance.
luaotfload:  Problems can be reported to the ConTeXt mailing list."
luaotfload: pop namespace from font loader -- non-destructive
luaotfload: fontloader loaded in 0.021 seconds
luatexbase-mcb: inserting 'luaotfload.node_processor'
at position 1 in 'pre_linebreak_filter'
luatexbase-mcb: inserting 'luaotfload.node_processor'
at position 1 in 'hpack_filter'
luatexbase-mcb: inserting 'luaotfload.find_vf_file'
at position 1 in 'find_vf_file'
(C:/Program Files/MiKTeX 2.9/tex/luatex/luaotfload/luaotfload-override.lua)
(C:/Program Files/MiKTeX 2.9/tex/luatex/luaotfload/luaotfload-loaders.lua)
(C:/Program Files/MiKTeX 2.9/tex/luatex/luaotfload/luaotfload-database.lua)
luaotfload | db : Root cache directory is C:/Users/matt/AppData/Local/MiKTeX/2.9
/luatex-cache/generic/names.
(C:/Program Files/MiKTeX 2.9/tex/luatex/luaotfload/luaotfload-colors.lua)
luatexbase-mcb: creating 'luaotfload.resolve_font' type 4
luatexbase-mcb: creating 'luaotfload.patch_font' type 4
luatexbase-mcb: resetting callback 'define_font'
luatexbase-mcb: inserting 'luaotfload.define_font'
at position 1 in 'define_font'
(C:/Program Files/MiKTeX 2.9/tex/luatex/luaotfload/luaotfload-features.lua)
(C:/Program Files/MiKTeX 2.9/tex/luatex/luaotfload/luaotfload-letterspace.lua)
(C:/Program Files/MiKTeX 2.9/tex/luatex/luaotfload/luaotfload-auxiliary.lua)
luatexbase-mcb: inserting 'luaotfload.aux.set_sscale_dimens'
at position 1 in 'luaotfload.patch_font'
luatexbase-mcb: inserting 'luaotfload.aux.patch_cambria_domh'
at position 2 in 'luaotfload.patch_font'
luatexbase-mcb: inserting 'luaotfload.aux.set_capheight'
at position 3 in 'luaotfload.patch_font'
luatexbase-mcb: inserting 'luaotfload.rewrite_fontname'
at position 4 in 'luaotfload.patch_font'
luaotfload | aux : start rewriting tfmdata.name field)
(C:/Program Files/MiKTeX 2.9/tex/latex/fontspec/fontspec.lua)
Lua module: fontspec 2013/05/20 2.3c Advanced font selection for LuaLaTeX.
\l_fontspec_script_int=\count312
\l_fontspec_language_int=\count313
\l_fontspec_strnum_int=\count314
\l_fontspec_tmpa_dim=\dimen287
\l_fontspec_tmpb_dim=\dimen288
\l_fontspec_tmpc_dim=\dimen289
Variant \tl_gset:cV already defined; not changing it on line 69

("C:/Program Files/MiKTeX 2.9/tex/latex/fontspec/fontspec-patches.sty"
Package: fontspec-patches 2013/05/20 v2.3c Font selection for XeLaTeX and LuaLaT
eX

("C:/Program Files/MiKTeX 2.9/tex/latex/base/fixltx2e.sty"
Package: fixltx2e 2006/09/13 v1.1m fixes to LaTeX
LaTeX Info: Redefining \em on input line 420.
)
LaTeX Info: Redefining \em on input line 22.
LaTeX Info: Redefining \emph on input line 30.
LaTeX Info: Redefining \- on input line 33.

*************************************************
* LaTeX warning: "xparse/redefine-command"
* 
* Redefining document command \oldstylenums with arg. spec. 'm' on line 128.
*************************************************
.................................................
. LaTeX info: "xparse/define-command"
. 
. Defining document command \liningnums with arg. spec. 'm' on line 132.
.................................................
) ("C:/Program Files/MiKTeX 2.9/tex/latex/fontspec/fontspec-luatex.sty"
Package: fontspec-luatex 2013/05/20 v2.3c Font selection for XeLaTeX and LuaLaTe
X

("C:/Program Files/MiKTeX 2.9/tex/latex/base/fontenc.sty"
Package: fontenc 2005/09/27 v1.99g Standard LaTeX package

("C:/Program Files/MiKTeX 2.9/tex/latex/euenc/eu2enc.def"
File: eu2enc.def 2010/05/27 v0.1h Experimental Unicode font encodings
)
LaTeX Font Info:    Try loading font information for EU2+lmr on input line 100.

("C:/Program Files/MiKTeX 2.9/tex/latex/euenc/eu2lmr.fd"
File: eu2lmr.fd 2009/10/30 v1.6 Font defs for Latin Modern
)
luaotfload | load : auto-selecting default features for script: latn
luaotfload | load : no defaults for script "latn", falling back to "dflt"(load l
uc: C:/Users/matt/AppData/Local/MiKTeX/2.9/luatex-cache/generic/fonts/otf/lmroma
n10-regular.luc)) ("C:/Program Files/MiKTeX 2.9/tex/xelatex/xunicode/xunicode.s
ty"
File: xunicode.sty 2011/09/09 v0.981 provides access to latin accents and many o
ther characters in Unicode lower plane

("C:/Program Files/MiKTeX 2.9/tex/latex/tipa/t3enc.def"
File: t3enc.def 2001/12/31 T3 encoding
luaotfload | load : auto-selecting default features for script: latn
luaotfload | load : no defaults for script "latn", falling back to "dflt"(load l
uc: C:/Users/matt/AppData/Local/MiKTeX/2.9/luatex-cache/generic/fonts/otf/lmroma
nslant10-regular.luc)
luaotfload | load : auto-selecting default features for script: latn
luaotfload | load : no defaults for script "latn", falling back to "dflt"(load l
uc: C:/Users/matt/AppData/Local/MiKTeX/2.9/luatex-cache/generic/fonts/otf/lmroma
n10-italic.luc)
luaotfload | load : auto-selecting default features for script: latn
luaotfload | load : no defaults for script "latn", falling back to "dflt"(load l
uc: C:/Users/matt/AppData/Local/MiKTeX/2.9/luatex-cache/generic/fonts/otf/lmroma
n10-bold.luc)
LaTeX Font Info:    Try loading font information for EU2+lmss on input line 357.


("C:/Program Files/MiKTeX 2.9/tex/latex/euenc/eu2lmss.fd"
File: eu2lmss.fd 2009/10/30 v1.6 Font defs for Latin Modern
)
luaotfload | load : auto-selecting default features for script: latn
luaotfload | load : no defaults for script "latn", falling back to "dflt"(load l
uc: C:/Users/matt/AppData/Local/MiKTeX/2.9/luatex-cache/generic/fonts/otf/lmsans
10-regular.luc))
\tipaTiiicode=\count315
\tipasavetokens=\toks17
\tipachecktokens=\toks18
 ("C:/Program Files/MiKTeX 2.9/tex/latex/graphics/graphicx.sty"
Package: graphicx 1999/02/16 v1.0f Enhanced LaTeX Graphics (DPC,SPQR)

("C:/Program Files/MiKTeX 2.9/tex/latex/graphics/graphics.sty"
Package: graphics 2009/02/05 v1.0o Standard LaTeX Graphics (DPC,SPQR)

("C:/Program Files/MiKTeX 2.9/tex/latex/graphics/trig.sty"
Package: trig 1999/03/16 v1.09 sin cos tan (DPC)
)
("C:/Program Files/MiKTeX 2.9/tex/latex/00miktex/graphics.cfg"
File: graphics.cfg 2007/01/18 v1.5 graphics configuration of teTeX/TeXLive
)
Package graphics Info: Driver file: pdftex.def on input line 91.
)
\Gin@req@height=\dimen290
\Gin@req@width=\dimen291
))
.................................................
. LaTeX info: "xparse/define-command"
. 
. Defining document command \fontspec with arg. spec. 'O{}m' on line 44.
.................................................
.................................................
. LaTeX info: "xparse/define-command"
. 
. Defining document command \setmainfont with arg. spec. 'O{}m' on line 49.
.................................................
.................................................
. LaTeX info: "xparse/define-command"
. 
. Defining document command \setsansfont with arg. spec. 'O{}m' on line 54.
.................................................
.................................................
. LaTeX info: "xparse/define-command"
. 
. Defining document command \setmonofont with arg. spec. 'O{}m' on line 59.
.................................................
.................................................
. LaTeX info: "xparse/define-command"
. 
. Defining document command \setmathrm with arg. spec. 'O{}m' on line 68.
.................................................
.................................................
. LaTeX info: "xparse/define-command"
. 
. Defining document command \setboldmathrm with arg. spec. 'O{}m' on line 72.
.................................................
.................................................
. LaTeX info: "xparse/define-command"
. 
. Defining document command \setmathsf with arg. spec. 'O{}m' on line 76.
.................................................
.................................................
. LaTeX info: "xparse/define-command"
. 
. Defining document command \setmathtt with arg. spec. 'O{}m' on line 80.
.................................................
.................................................
. LaTeX info: "xparse/define-command"
. 
. Defining document command \newfontfamily with arg. spec. 'mO{}m' on line 99.
.................................................
.................................................
. LaTeX info: "xparse/define-command"
. 
. Defining document command \newfontface with arg. spec. 'mO{}m' on line 103.
.................................................
.................................................
. LaTeX info: "xparse/define-command"
. 
. Defining document command \defaultfontfeatures with arg. spec. 'om' on line
. 111.
.................................................
.................................................
. LaTeX info: "xparse/define-command"
. 
. Defining document command \addfontfeatures with arg. spec. 'm' on line 147.
.................................................
.................................................
. LaTeX info: "xparse/define-command"
. 
. Defining document command \newfontfeature with arg. spec. 'mm' on line 159.
.................................................
.................................................
. LaTeX info: "xparse/define-command"
. 
. Defining document command \newAATfeature with arg. spec. 'mmmm' on line 167.
.................................................
.................................................
. LaTeX info: "xparse/define-command"
. 
. Defining document command \newICUfeature with arg. spec. 'mmm' on line 175.
.................................................
.................................................
. LaTeX info: "xparse/define-command"
. 
. Defining document command \aliasfontfeature with arg. spec. 'mm' on line
. 204.
.................................................
.................................................
. LaTeX info: "xparse/define-command"
. 
. Defining document command \aliasfontfeatureoption with arg. spec. 'mmm' on
. line 206.
.................................................
.................................................
. LaTeX info: "xparse/define-command"
. 
. Defining document command \newfontscript with arg. spec. 'mm' on line 211.
.................................................
.................................................
. LaTeX info: "xparse/define-command"
. 
. Defining document command \newfontlanguage with arg. spec. 'mm' on line 238.
.................................................
.................................................
. LaTeX info: "xparse/define-command"
. 
. Defining document command \DeclareFontsExtensions with arg. spec. 'm' on
. line 259.
.................................................
Variant \prop_gput:cnV already defined; not changing it on line 586
Variant \prop_gput:cnx already defined; not changing it on line 587
\l_fontspec_tmp_int=\count316
LaTeX Info: Redefining \itshape on input line 2008.
LaTeX Info: Redefining \slshape on input line 2013.
LaTeX Info: Redefining \scshape on input line 2018.
LaTeX Info: Redefining \upshape on input line 2023.

("C:/Program Files/MiKTeX 2.9/tex/latex/fontspec/fontspec.cfg")))
\g__file_internal_ior=\read1
luaotfload | load : auto-selecting default features for script: dflt
luaotfload | load : path lookup of "fonts/lato/Lato-Lig" unsuccessful, falling b
ack to file:(load luc: C:/Users/matt/AppData/Local/MiKTeX/2.9/luatex-cache/gener
ic/fonts/otf/lato-lig.luc)
luaotfload | load : auto-selecting default features for script: dflt
luaotfload | load : path lookup of "fonts/lato/Lato-Lig" unsuccessful, falling b
ack to file:
luaotfload: font no 21 (Lato-Light) defines feature kern for script latn
luaotfload: font no 21 (Lato-Light) defines feature kern for script latn
\g_fontspec_family_Lato-Lig_int=\count317
luaotfload | load : auto-selecting default features for script: dflt
luaotfload | load : path lookup of "fonts/lato/Lato-Lig" unsuccessful, falling b
ack to file:
luaotfload: font no 21 (Lato-Light) does not define feature smcp for script latn
 with language dflt
luaotfload: no font with id 21
luaotfload | load : auto-selecting default features for script: dflt
luaotfload | load : path lookup of "fonts/lato/Lato-Reg" unsuccessful, falling b
ack to file:(load luc: C:/Users/matt/AppData/Local/MiKTeX/2.9/luatex-cache/gener
ic/fonts/otf/lato-reg.luc)
luaotfload: font no 22 (Lato-Regular) does not define feature smcp for script la
tn with language dflt
luaotfload: no font with id 22
luaotfload | load : auto-selecting default features for script: dflt
luaotfload | load : path lookup of "fonts/lato/Lato-LigIta" unsuccessful, fallin
g back to file:(load luc: C:/Users/matt/AppData/Local/MiKTeX/2.9/luatex-cache/ge
neric/fonts/otf/lato-ligita.luc)
luaotfload: font no 23 (Lato-LightItalic) does not define feature smcp for scrip
t latn with language dflt
luaotfload: no font with id 23
luaotfload | load : auto-selecting default features for script: dflt
luaotfload | load : path lookup of "fonts/lato/Lato-RegIta" unsuccessful, fallin
g back to file:(load luc: C:/Users/matt/AppData/Local/MiKTeX/2.9/luatex-cache/ge
neric/fonts/otf/lato-regita.luc)
luaotfload: font no 24 (Lato-Italic) does not define feature smcp for script lat
n with language dflt
luaotfload: no font with id 24
.................................................
. fontspec info: "defining-font"
. 
. Font family 'Lato-Lig(0)' created for font 'Lato-Lig' with options
. [Color=primary, Path =
. fonts/lato/,BoldItalicFont=Lato-RegIta,BoldFont=Lato-Reg,ItalicFont=Lato-LigIt
a].
. 
. This font family consists of the following shapes:
. 
. * 'normal' with NFSS spec.:
. 
. <->"[fonts/lato/Lato-Lig]:mode=node;script=latn;language=DFLT;color=2B2B2BFF
. ;"
. 
. * 'bold' with NFSS spec.:
. 
. <->"[fonts/lato/Lato-Reg]:mode=node;script=latn;language=DFLT;color=2B2B2BFF
. ;"
. 
. * 'italic' with NFSS spec.:
. 
. <->"[fonts/lato/Lato-LigIta]:mode=node;script=latn;language=DFLT;color=2B2B2BF
F
. ;"
. 
. * 'bold italic' with NFSS spec.:
. 
. <->"[fonts/lato/Lato-RegIta]:mode=node;script=latn;language=DFLT;color=2B2B2BF
F
. ;"
.................................................
luaotfload | load : auto-selecting default features for script: latn
luaotfload | load : no defaults for script "latn", falling back to "dflt"
luaotfload | load : path lookup of "fonts/lato/Lato-Lig" unsuccessful, falling b
ack to file:
luatexbase-mcb: inserting 'luaotfload.color_handler'
at position 2 in 'pre_linebreak_filter'
luaotfload | load : auto-selecting default features for script: dflt
luaotfload | load : path lookup of "fonts/raleway/Raleway-ExtraLight" unsuccessf
ul, falling back to file:(load luc: C:/Users/matt/AppData/Local/MiKTeX/2.9/luate
x-cache/generic/fonts/otf/raleway-extralight.luc)
luaotfload | load : auto-selecting default features for script: dflt
luaotfload | load : path lookup of "fonts/raleway/Raleway-ExtraLight" unsuccessf
ul, falling back to file:
luaotfload: font no 26 (Raleway-ExtraLight) defines feature kern for script latn
luaotfload: font no 26 (Raleway-ExtraLight) defines feature kern for script latn
.................................................
. fontspec info: "set-scale"
. 
. Raleway-ExtraLight scale = 0.9567325044675999.
.................................................

*************************************************
* fontspec warning: "no-mapping-ligtex"
* 
* Input mapping not (yet?) supported in LuaTeX.
* Use "Ligatures=TeX" instead of "Mapping=tex-text".
*************************************************
\g_fontspec_family_Raleway-ExtraLight_int=\count318
luaotfload | load : auto-selecting default features for script: dflt
luaotfload | load : path lookup of "fonts/raleway/Raleway-ExtraLight" unsuccessf
ul, falling back to file:
.................................................
. fontspec info: "set-scale"
. 
. Raleway-ExtraLight scale = 0.9567325044675999.
.................................................
luaotfload: font no 26 (Raleway-ExtraLight) defines feature smcp for script latn
 with language dflt
.................................................
. fontspec info: "set-scale"
. 
. Raleway-ExtraLight scale = 0.9567325044675999.
.................................................
luaotfload: font no 26 (Raleway-ExtraLight) defines feature smcp for script latn
 with language dflt
.................................................
. fontspec info: "defining-font"
. 
. Font family 'Raleway-ExtraLight(0)' created for font 'Raleway-ExtraLight'
. with options [Scale=MatchLowercase,Mapping=tex-text, Path = fonts/raleway/].
. 
. This font family consists of the following shapes:
. 
. * 'normal' with NFSS spec.:
. 
. <->s*[0.9567325044675999]"[fonts/raleway/Raleway-ExtraLight]:mode=node;script=
latn;language=DFLT;+tlig;+trep;"
. 
. * 'small caps' with NFSS spec.:
. 
. <->s*[0.9567325044675999]"[fonts/raleway/Raleway-ExtraLight]:mode=node;script=
latn;language=DFLT;+tlig;+trep;+smcp;"
.................................................
("C:/Program Files/MiKTeX 2.9/tex/latex/textpos/textpos.sty"
Package: textpos 2014/01/03 v1.7j

Package: textpos 2014/01/03 1.7j, absolute positioning of text on the page
("C:/Program Files/MiKTeX 2.9/tex/latex/ms/everyshi.sty"
Package: everyshi 2001/05/15 v3.00 EveryShipout Package (MS)
)
\TP@textbox=\box271
\TP@holdbox=\box272
\TPHorizModule=\dimen292
\TPVertModule=\dimen293
\TP@margin=\dimen294
\TP@absmargin=\dimen295

Grid set 16 x 16 = 38.39343pt x 49.68562pt
\TPboxrulesize=\dimen296
\TP@ox=\dimen297
\TP@oy=\dimen298
\TP@tbargs=\toks19
\TP@prevdepth=\dimen299
TextBlockOrigin set to 0pt x 0pt
) ("C:/Program Files/MiKTeX 2.9/tex/latex/isodate/isodate.sty"
Package: isodate 2010/01/03 v2.30 Print dates with different formats (HH)

("C:/Program Files/MiKTeX 2.9/tex/latex/base/ifthen.sty"
Package: ifthen 2001/05/26 v1.1c Standard LaTeX ifthen package (DPC)
)
("C:/Program Files/MiKTeX 2.9/tex/latex/substr/substr.sty"
Package: substr 2009/10/20 v1.2 Handle substrings
\c@su@anzahl=\count319
)
("C:/Program Files/MiKTeX 2.9/tex/latex/isodate/english.idf"
File: english.idf 2010/01/03 v2.30 Language definitions for isodate package (HH)


Define commands for English date format
)
\c@iso@tmpmonth=\count320
\c@iso@yeartwo=\count321
\c@iso@slash=\count322
\c@iso@minus=\count323
\c@iso@dot=\count324
\c@iso@@slash=\count325
\c@iso@@minus=\count326
\c@iso@@dot=\count327
) ("C:/Program Files/MiKTeX 2.9/tex/latex/titlesec/titlesec.sty"
Package: titlesec 2011/12/15 v2.10.0 Sectioning titles
\ttl@box=\box273
\beforetitleunit=\skip262
\aftertitleunit=\skip263
\ttl@plus=\dimen300
\ttl@minus=\dimen301
\ttl@toksa=\toks20
\titlewidth=\dimen302
\titlewidthlast=\dimen303
\titlewidthfirst=\dimen304
))
(H:/cs150/resume/cv_12.aux)
LaTeX Font Info:    Checking defaults for OML/cmm/m/it on input line 24.
LaTeX Font Info:    ... okay on input line 24.
LaTeX Font Info:    Checking defaults for T1/cmr/m/n on input line 24.
LaTeX Font Info:    ... okay on input line 24.
LaTeX Font Info:    Checking defaults for OT1/cmr/m/n on input line 24.
LaTeX Font Info:    ... okay on input line 24.
LaTeX Font Info:    Checking defaults for OMS/cmsy/m/n on input line 24.
LaTeX Font Info:    ... okay on input line 24.
LaTeX Font Info:    Checking defaults for OMX/cmex/m/n on input line 24.
LaTeX Font Info:    ... okay on input line 24.
LaTeX Font Info:    Checking defaults for U/cmr/m/n on input line 24.
LaTeX Font Info:    ... okay on input line 24.
LaTeX Font Info:    Checking defaults for PD1/pdf/m/n on input line 24.
LaTeX Font Info:    ... okay on input line 24.
LaTeX Font Info:    Checking defaults for EU2/lmr/m/n on input line 24.
LaTeX Font Info:    ... okay on input line 24.
LaTeX Font Info:    Checking defaults for T3/cmr/m/n on input line 24.
LaTeX Font Info:    Try loading font information for T3+cmr on input line 24.

("C:/Program Files/MiKTeX 2.9/tex/latex/tipa/t3cmr.fd"
File: t3cmr.fd 2001/12/31 TIPA font definitions
)
LaTeX Font Info:    ... okay on input line 24.

*geometry* driver: auto-detecting
*geometry* detected driver: pdftex
*geometry* verbose mode - [ preamble ] result:
* driver: pdftex
* paper: letterpaper
* layout: <same size as paper>
* layoutoffset:(h,v)=(0.0pt,0.0pt)
* modes: 
* h-part:(L,W,R)=(42.67912pt, 528.93675pt, 42.67912pt)
* v-part:(T,H,B)=(56.9055pt, 681.15898pt, 56.9055pt)
* \paperwidth=614.295pt
* \paperheight=794.96999pt
* \textwidth=528.93675pt
* \textheight=681.15898pt
* \oddsidemargin=-29.59087pt
* \evensidemargin=-29.59087pt
* \topmargin=-52.36449pt
* \headheight=12.0pt
* \headsep=25.0pt
* \topskip=10.0pt
* \footskip=30.0pt
* \marginparwidth=65.0pt
* \marginparsep=11.0pt
* \columnsep=10.0pt
* \skip\footins=9.0pt plus 4.0pt minus 2.0pt
* \hoffset=0.0pt
* \voffset=0.0pt
* \mag=1000
* \@twocolumnfalse
* \@twosidefalse
* \@mparswitchfalse
* \@reversemarginfalse
* (1in=72.27pt=25.4mm, 1cm=28.453pt)

\AtBeginShipoutBox=\box274
Package hyperref Info: Link coloring OFF on input line 24.
("C:/Program Files/MiKTeX 2.9/tex/latex/hyperref/nameref.sty"
Package: nameref 2012/10/27 v2.43 Cross-referencing by name of section

("C:/Program Files/MiKTeX 2.9/tex/generic/oberdiek/gettitlestring.sty"
Package: gettitlestring 2010/12/03 v1.4 Cleanup title references (HO)
)
\c@section@level=\count328
)
LaTeX Info: Redefining \ref on input line 24.
LaTeX Info: Redefining \pageref on input line 24.
LaTeX Info: Redefining \nameref on input line 24.

(H:/cs150/resume/cv_12.out) (H:/cs150/resume/cv_12.out)
\@outlinefile=\write3

("C:/Program Files/MiKTeX 2.9/tex/context/base/supp-pdf.mkii"
[Loading MPS to PDF converter (version 2006.09.02).]
\scratchcounter=\count329
\scratchdimen=\dimen305
\scratchbox=\box275
\nofMPsegments=\count330
\nofMParguments=\count331
\everyMPshowfont=\toks21
\MPscratchCnt=\count332
\MPscratchDim=\dimen306
\MPnumerator=\count333
\makeMPintoPDFobject=\count334
\everyMPtoPDFconversion=\toks22
)
.................................................
. fontspec info: "setup-math"
. 
. Adjusting the maths setup (use [no-math] to avoid this).
.................................................
\symlegacymaths=\mathgroup4
LaTeX Font Info:    Overwriting symbol font `legacymaths' in version `bold'
(Font)                  OT1/cmr/m/n --> OT1/cmr/bx/n on input line 24.
LaTeX Font Info:    Redeclaring math accent \acute on input line 24.
LaTeX Font Info:    Redeclaring math accent \grave on input line 24.
LaTeX Font Info:    Redeclaring math accent \ddot on input line 24.
LaTeX Font Info:    Redeclaring math accent \tilde on input line 24.
LaTeX Font Info:    Redeclaring math accent \bar on input line 24.
LaTeX Font Info:    Redeclaring math accent \breve on input line 24.
LaTeX Font Info:    Redeclaring math accent \check on input line 24.
LaTeX Font Info:    Redeclaring math accent \hat on input line 24.
LaTeX Font Info:    Redeclaring math accent \dot on input line 24.
LaTeX Font Info:    Redeclaring math accent \mathring on input line 24.
LaTeX Font Info:    Redeclaring math symbol \colon on input line 24.
LaTeX Font Info:    Redeclaring math symbol \Gamma on input line 24.
LaTeX Font Info:    Redeclaring math symbol \Delta on input line 24.
LaTeX Font Info:    Redeclaring math symbol \Theta on input line 24.
LaTeX Font Info:    Redeclaring math symbol \Lambda on input line 24.
LaTeX Font Info:    Redeclaring math symbol \Xi on input line 24.
LaTeX Font Info:    Redeclaring math symbol \Pi on input line 24.
LaTeX Font Info:    Redeclaring math symbol \Sigma on input line 24.
LaTeX Font Info:    Redeclaring math symbol \Upsilon on input line 24.
LaTeX Font Info:    Redeclaring math symbol \Phi on input line 24.
LaTeX Font Info:    Redeclaring math symbol \Psi on input line 24.
LaTeX Font Info:    Redeclaring math symbol \Omega on input line 24.
LaTeX Font Info:    Redeclaring math symbol \mathdollar on input line 24.
LaTeX Font Info:    Redeclaring symbol font `operators' on input line 24.
LaTeX Font Info:    Encoding `OT1' has changed to `EU2' for symbol font
(Font)              `operators' in the math version `normal' on input line 24.
LaTeX Font Info:    Overwriting symbol font `operators' in version `normal'
(Font)                  OT1/cmr/m/n --> EU2/Lato-Lig(0)/m/n on input line 24.
LaTeX Font Info:    Encoding `OT1' has changed to `EU2' for symbol font
(Font)              `operators' in the math version `bold' on input line 24.
LaTeX Font Info:    Overwriting symbol font `operators' in version `bold'
(Font)                  OT1/cmr/bx/n --> EU2/Lato-Lig(0)/m/n on input line 24.
LaTeX Font Info:    Overwriting symbol font `operators' in version `normal'
(Font)                  EU2/Lato-Lig(0)/m/n --> EU2/Lato-Lig(0)/m/n on input lin
e 24.
LaTeX Font Info:    Overwriting math alphabet `\mathrm' in version `normal'
(Font)                  EU2/Lato-Lig(0)/m/n --> EU2/Lato-Lig(0)/m/n on input lin
e 24.
LaTeX Font Info:    Overwriting math alphabet `\mathit' in version `normal'
(Font)                  OT1/cmr/m/it --> EU2/Lato-Lig(0)/m/it on input line 24.
LaTeX Font Info:    Overwriting math alphabet `\mathbf' in version `normal'
(Font)                  OT1/cmr/bx/n --> EU2/Lato-Lig(0)/bx/n on input line 24.
LaTeX Font Info:    Overwriting math alphabet `\mathsf' in version `normal'
(Font)                  OT1/cmss/m/n --> EU2/Raleway-ExtraLight(0)/m/n on input 
line 24.
LaTeX Font Info:    Overwriting math alphabet `\mathtt' in version `normal'
(Font)                  OT1/cmtt/m/n --> EU2/lmtt/m/n on input line 24.
LaTeX Font Info:    Overwriting symbol font `operators' in version `bold'
(Font)                  EU2/Lato-Lig(0)/m/n --> EU2/Lato-Lig(0)/bx/n on input li
ne 24.
LaTeX Font Info:    Overwriting math alphabet `\mathrm' in version `bold'
(Font)                  EU2/Lato-Lig(0)/m/n --> EU2/Lato-Lig(0)/bx/n on input li
ne 24.
LaTeX Font Info:    Overwriting math alphabet `\mathit' in version `bold'
(Font)                  OT1/cmr/bx/it --> EU2/Lato-Lig(0)/bx/it on input line 24
.
LaTeX Font Info:    Overwriting math alphabet `\mathsf' in version `bold'
(Font)                  OT1/cmss/bx/n --> EU2/Raleway-ExtraLight(0)/bx/n on inpu
t line 24.
LaTeX Font Info:    Overwriting math alphabet `\mathtt' in version `bold'
(Font)                  OT1/cmtt/m/n --> EU2/lmtt/bx/n on input line 24.
 ABD: EveryShipout initializing macros
isodate: babel.sty, (n)german.sty have not been loaded
luaotfload | load : auto-selecting default features for script: dflt
luaotfload | load : path lookup of "fonts/lato/Lato-Lig" unsuccessful, falling b
ack to file:
luaotfload | load : auto-selecting default features for script: dflt
luaotfload | load : path lookup of "fonts/lato/Lato-Lig" unsuccessful, falling b
ack to file:
luaotfload: font no 27 (Lato-Light) defines feature kern for script latn
luaotfload: font no 27 (Lato-Light) defines feature kern for script latn
luaotfload | load : auto-selecting default features for script: dflt
luaotfload | load : path lookup of "fonts/lato/Lato-Lig" unsuccessful, falling b
ack to file:
luaotfload: font no 27 (Lato-Light) does not define feature smcp for script latn
 with language dflt
luaotfload: no font with id 27
.................................................
. fontspec info: "defining-font"
. 
. Font family 'Lato-Lig(1)' created for font 'Lato-Lig' with options [Path =
. fonts/lato/].
. 
. This font family consists of the following shapes:
. 
. * 'normal' with NFSS spec.:
. <->"[fonts/lato/Lato-Lig]:mode=node;script=latn;language=DFLT;"
.................................................
luaotfload | load : auto-selecting default features for script: latn
luaotfload | load : no defaults for script "latn", falling back to "dflt"
luaotfload | load : path lookup of "fonts/lato/Lato-Lig" unsuccessful, falling b
ack to file:
luaotfload | load : auto-selecting default features for script: dflt
luaotfload | load : path lookup of "fonts/lato/Lato-Lig" unsuccessful, falling b
ack to file:
luaotfload | load : auto-selecting default features for script: dflt
luaotfload | load : path lookup of "fonts/lato/Lato-Lig" unsuccessful, falling b
ack to file:
luaotfload: font no 27 (Lato-Light) defines feature kern for script latn
luaotfload: font no 27 (Lato-Light) defines feature kern for script latn
.................................................
. fontspec info: "defining-font"
. 
. Font family 'Lato-Lig(1)' created for font 'Lato-Lig' with options [Path =
. fonts/lato/].
. 
. This font family consists of the following shapes:
.................................................
luaotfload | load : auto-selecting default features for script: dflt
luaotfload | load : path lookup of "fonts/raleway/Raleway-Medium" unsuccessful, 
falling back to file:(load luc: C:/Users/matt/AppData/Local/MiKTeX/2.9/luatex-ca
che/generic/fonts/otf/raleway-medium.luc)
luaotfload | load : auto-selecting default features for script: dflt
luaotfload | load : path lookup of "fonts/raleway/Raleway-Medium" unsuccessful, 
falling back to file:
luaotfload: font no 29 (Raleway-Medium) defines feature kern for script latn
luaotfload: font no 29 (Raleway-Medium) defines feature kern for script latn
\g_fontspec_family_Raleway-Medium_int=\count335
luaotfload | load : auto-selecting default features for script: dflt
luaotfload | load : path lookup of "fonts/raleway/Raleway-Medium" unsuccessful, 
falling back to file:
luaotfload: font no 29 (Raleway-Medium) defines feature smcp for script latn wit
h language dflt
luaotfload: font no 29 (Raleway-Medium) defines feature smcp for script latn wit
h language dflt
.................................................
. fontspec info: "defining-font"
. 
. Font family 'Raleway-Medium(0)' created for font 'Raleway-Medium' with
. options [Path = fonts/raleway/].
. 
. This font family consists of the following shapes:
. 
. * 'normal' with NFSS spec.:
. <->"[fonts/raleway/Raleway-Medium]:mode=node;script=latn;language=DFLT;"
. 
. * 'small caps' with NFSS spec.:
. 
. <->"[fonts/raleway/Raleway-Medium]:mode=node;script=latn;language=DFLT;+smcp;"

.................................................
luaotfload | load : auto-selecting default features for script: latn
luaotfload | load : no defaults for script "latn", falling back to "dflt"
luaotfload | load : path lookup of "fonts/raleway/Raleway-Medium" unsuccessful, 
falling back to file:
luaotfload | load : auto-selecting default features for script: latn
luaotfload | load : no defaults for script "latn", falling back to "dflt"
luaotfload | load : path lookup of "fonts/raleway/Raleway-Medium" unsuccessful, 
falling back to file:
LaTeX Font Info:    Calculating math sizes for size <11> on input line 35.
luaotfload | load : auto-selecting default features for script: latn
luaotfload | load : no defaults for script "latn", falling back to "dflt"
luaotfload | load : path lookup of "fonts/lato/Lato-Lig" unsuccessful, falling b
ack to file:
luaotfload | load : auto-selecting default features for script: latn
luaotfload | load : no defaults for script "latn", falling back to "dflt"
luaotfload | load : path lookup of "fonts/lato/Lato-Lig" unsuccessful, falling b
ack to file:
luaotfload | load : auto-selecting default features for script: latn
luaotfload | load : no defaults for script "latn", falling back to "dflt"
luaotfload | load : path lookup of "fonts/lato/Lato-Lig" unsuccessful, falling b
ack to file:
luaotfload | load : auto-selecting default features for script: dflt
luaotfload | load : auto-selecting default features for script: dflt
luaotfload | load : auto-selecting default features for script: dflt
luaotfload | load : auto-selecting default features for script: dflt

LaTeX Font Warning: Font shape `OML/cmm/m/it' in size <5.5> not available
(Font)              size <5> substituted on input line 35.

luaotfload | load : auto-selecting default features for script: dflt
luaotfload | load : auto-selecting default features for script: dflt
luaotfload | load : auto-selecting default features for script: dflt
luaotfload | load : auto-selecting default features for script: dflt
luaotfload | load : auto-selecting default features for script: dflt
luaotfload | load : auto-selecting default features for script: dflt

LaTeX Font Warning: Font shape `OMS/cmsy/m/n' in size <5.5> not available
(Font)              size <5> substituted on input line 35.

luaotfload | load : auto-selecting default features for script: dflt
luaotfload | load : auto-selecting default features for script: dflt
LaTeX Font Info:    External font `cmex10' loaded for size
(Font)              <11> on input line 35.
luaotfload | load : auto-selecting default features for script: dflt
LaTeX Font Info:    External font `cmex10' loaded for size
(Font)              <7.69997> on input line 35.
luaotfload | load : auto-selecting default features for script: dflt
LaTeX Font Info:    External font `cmex10' loaded for size
(Font)              <5.5> on input line 35.
luaotfload | load : auto-selecting default features for script: dflt
luaotfload | load : auto-selecting default features for script: dflt
luaotfload | load : auto-selecting default features for script: dflt
luaotfload | load : auto-selecting default features for script: dflt
luaotfload | load : auto-selecting default features for script: dflt

LaTeX Font Warning: Font shape `OT1/cmr/m/n' in size <5.5> not available
(Font)              size <5> substituted on input line 35.

luaotfload | load : auto-selecting default features for script: dflt
luaotfload | load : auto-selecting default features for script: dflt

LaTeX Font Warning: Font shape `EU2/Lato-Lig(0)/m/sc' undefined
(Font)              using `EU2/Lato-Lig(0)/m/n' instead on input line 47.

luaotfload | load : auto-selecting default features for script: dflt
luaotfload | load : path lookup of "fonts/lato/Lato-Lig" unsuccessful, falling b
ack to file:
luaotfload | load : auto-selecting default features for script: dflt
luaotfload | load : path lookup of "fonts/lato/Lato-Lig" unsuccessful, falling b
ack to file:
luaotfload: font no 21 (Lato-Light) defines feature kern for script latn
luaotfload: font no 21 (Lato-Light) defines feature kern for script latn
.................................................
. fontspec info: "defining-font"
. 
. Font family 'Lato-Lig(1)' created for font 'Lato-Lig' with options [Path =
. fonts/lato/].
. 
. This font family consists of the following shapes:
.................................................

LaTeX Font Warning: Font shape `EU2/Lato-Lig(1)/m/sc' undefined
(Font)              using `EU2/Lato-Lig(1)/m/n' instead on input line 47.

luaotfload | load : auto-selecting default features for script: latn
luaotfload | load : no defaults for script "latn", falling back to "dflt"
luaotfload | load : path lookup of "fonts/lato/Lato-Lig" unsuccessful, falling b
ack to file:
luaotfload | load : auto-selecting default features for script: latn
luaotfload | load : no defaults for script "latn", falling back to "dflt"
luaotfload | load : path lookup of "fonts/lato/Lato-Lig" unsuccessful, falling b
ack to file:
luaotfload | load : auto-selecting default features for script: latn
luaotfload | load : no defaults for script "latn", falling back to "dflt"
luaotfload | load : path lookup of "fonts/lato/Lato-Lig" unsuccessful, falling b
ack to file:
luaotfload | load : auto-selecting default features for script: dflt
luaotfload | load : path lookup of "fonts/raleway/Raleway-Medium" unsuccessful, 
falling back to file:
luaotfload | load : auto-selecting default features for script: dflt
luaotfload | load : path lookup of "fonts/raleway/Raleway-Medium" unsuccessful, 
falling back to file:
luaotfload: font no 29 (Raleway-Medium) defines feature kern for script latn
luaotfload: font no 29 (Raleway-Medium) defines feature kern for script latn
.................................................
. fontspec info: "defining-font"
. 
. Font family 'Raleway-Medium(0)' created for font 'Raleway-Medium' with
. options [Path = fonts/raleway/].
. 
. This font family consists of the following shapes:
.................................................
luaotfload | load : auto-selecting default features for script: latn
luaotfload | load : no defaults for script "latn", falling back to "dflt"
luaotfload | load : path lookup of "fonts/raleway/Raleway-Medium" unsuccessful, 
falling back to file:
luaotfload | load : auto-selecting default features for script: latn
luaotfload | load : no defaults for script "latn", falling back to "dflt"
luaotfload | load : path lookup of "fonts/raleway/Raleway-Medium" unsuccessful, 
falling back to file:
luaotfload | load : auto-selecting default features for script: dflt
luaotfload | load : path lookup of "fonts/raleway/Raleway-Medium" unsuccessful, 
falling back to file:
luaotfload | load : auto-selecting default features for script: dflt
luaotfload | load : path lookup of "fonts/raleway/Raleway-Medium" unsuccessful, 
falling back to file:
luaotfload: font no 55 (Raleway-Medium) defines feature kern for script latn
luaotfload: font no 55 (Raleway-Medium) defines feature kern for script latn
.................................................
. fontspec info: "defining-font"
. 
. Font family 'Raleway-Medium(0)' created for font 'Raleway-Medium' with
. options [Path = fonts/raleway/].
. 
. This font family consists of the following shapes:
.................................................
luaotfload | load : auto-selecting default features for script: dflt
luaotfload | load : path lookup of "fonts/raleway/Raleway-Medium" unsuccessful, 
falling back to file:
luaotfload | load : auto-selecting default features for script: dflt
luaotfload | load : path lookup of "fonts/raleway/Raleway-Medium" unsuccessful, 
falling back to file:
luaotfload: font no 29 (Raleway-Medium) defines feature kern for script latn
luaotfload: font no 29 (Raleway-Medium) defines feature kern for script latn
.................................................
. fontspec info: "defining-font"
. 
. Font family 'Raleway-Medium(0)' created for font 'Raleway-Medium' with
. options [Path = fonts/raleway/].
. 
. This font family consists of the following shapes:
.................................................
luaotfload | load : auto-selecting default features for script: dflt
luaotfload | load : path lookup of "fonts/raleway/Raleway-Medium" unsuccessful, 
falling back to file:
luaotfload | load : auto-selecting default features for script: dflt
luaotfload | load : path lookup of "fonts/raleway/Raleway-Medium" unsuccessful, 
falling back to file:
luaotfload: font no 55 (Raleway-Medium) defines feature kern for script latn
luaotfload: font no 55 (Raleway-Medium) defines feature kern for script latn
.................................................
. fontspec info: "defining-font"
. 
. Font family 'Raleway-Medium(0)' created for font 'Raleway-Medium' with
. options [Path = fonts/raleway/].
. 
. This font family consists of the following shapes:
.................................................
luaotfload | load : auto-selecting default features for script: dflt
luaotfload | load : path lookup of "fonts/lato/Lato-Lig" unsuccessful, falling b
ack to file:
luaotfload | load : auto-selecting default features for script: dflt
luaotfload | load : path lookup of "fonts/lato/Lato-Lig" unsuccessful, falling b
ack to file:
luaotfload: font no 21 (Lato-Light) defines feature kern for script latn
luaotfload: font no 21 (Lato-Light) defines feature kern for script latn
.................................................
. fontspec info: "defining-font"
. 
. Font family 'Lato-Lig(1)' created for font 'Lato-Lig' with options [Path =
. fonts/lato/].
. 
. This font family consists of the following shapes:
.................................................
luaotfload | load : auto-selecting default features for script: latn
luaotfload | load : no defaults for script "latn", falling back to "dflt"
luaotfload | load : path lookup of "fonts/lato/Lato-Lig" unsuccessful, falling b
ack to file:
luaotfload | load : auto-selecting default features for script: latn
luaotfload | load : no defaults for script "latn", falling back to "dflt"
luaotfload | load : path lookup of "fonts/lato/Lato-Reg" unsuccessful, falling b
ack to file:
luaotfload | load : auto-selecting default features for script: dflt
luaotfload | load : path lookup of "fonts/lato/Lato-Lig" unsuccessful, falling b
ack to file:
luaotfload | load : auto-selecting default features for script: dflt
luaotfload | load : path lookup of "fonts/lato/Lato-Lig" unsuccessful, falling b
ack to file:
luaotfload: font no 21 (Lato-Light) defines feature kern for script latn
luaotfload: font no 21 (Lato-Light) defines feature kern for script latn
.................................................
. fontspec info: "defining-font"
. 
. Font family 'Lato-Lig(1)' created for font 'Lato-Lig' with options [Path =
. fonts/lato/].
. 
. This font family consists of the following shapes:
.................................................
luaotfload | load : auto-selecting default features for script: dflt
luaotfload | load : path lookup of "fonts/lato/Lato-Bol" unsuccessful, falling b
ack to file:(load luc: C:/Users/matt/AppData/Local/MiKTeX/2.9/luatex-cache/gener
ic/fonts/otf/lato-bol.luc)
luaotfload | load : auto-selecting default features for script: dflt
luaotfload | load : path lookup of "fonts/lato/Lato-Bol" unsuccessful, falling b
ack to file:
luaotfload: font no 57 (Lato-Bold) defines feature kern for script latn
luaotfload: font no 57 (Lato-Bold) defines feature kern for script latn
\g_fontspec_family_Lato-Bol_int=\count336
luaotfload | load : auto-selecting default features for script: dflt
luaotfload | load : path lookup of "fonts/lato/Lato-Bol" unsuccessful, falling b
ack to file:
luaotfload: font no 57 (Lato-Bold) does not define feature smcp for script latn 
with language dflt
luaotfload: no font with id 57
.................................................
. fontspec info: "defining-font"
. 
. Font family 'Lato-Bol(0)' created for font 'Lato-Bol' with options [Path =
. fonts/lato/].
. 
. This font family consists of the following shapes:
. 
. * 'normal' with NFSS spec.:
. <->"[fonts/lato/Lato-Bol]:mode=node;script=latn;language=DFLT;"
.................................................
luaotfload | load : auto-selecting default features for script: latn
luaotfload | load : no defaults for script "latn", falling back to "dflt"
luaotfload | load : path lookup of "fonts/lato/Lato-Bol" unsuccessful, falling b
ack to file:
luaotfload | load : auto-selecting default features for script: latn
luaotfload | load : no defaults for script "latn", falling back to "dflt"
luaotfload | load : path lookup of "fonts/lato/Lato-Bol" unsuccessful, falling b
ack to file:

LaTeX Font Warning: Font shape `EU2/Lato-Bol(0)/bx/n' undefined
(Font)              using `EU2/Lato-Bol(0)/m/n' instead on input line 78.

luaotfload | load : auto-selecting default features for script: dflt
luaotfload | load : path lookup of "fonts/raleway/Raleway-Medium" unsuccessful, 
falling back to file:
luaotfload | load : auto-selecting default features for script: dflt
luaotfload | load : path lookup of "fonts/raleway/Raleway-Medium" unsuccessful, 
falling back to file:
luaotfload: font no 29 (Raleway-Medium) defines feature kern for script latn
luaotfload: font no 29 (Raleway-Medium) defines feature kern for script latn
.................................................
. fontspec info: "defining-font"
. 
. Font family 'Raleway-Medium(0)' created for font 'Raleway-Medium' with
. options [Path = fonts/raleway/].
. 
. This font family consists of the following shapes:
.................................................
luaotfload | load : auto-selecting default features for script: dflt
luaotfload | load : path lookup of "fonts/raleway/Raleway-Medium" unsuccessful, 
falling back to file:
luaotfload | load : auto-selecting default features for script: dflt
luaotfload | load : path lookup of "fonts/raleway/Raleway-Medium" unsuccessful, 
falling back to file:
luaotfload: font no 29 (Raleway-Medium) defines feature kern for script latn
luaotfload: font no 29 (Raleway-Medium) defines feature kern for script latn
.................................................
. fontspec info: "defining-font"
. 
. Font family 'Raleway-Medium(0)' created for font 'Raleway-Medium' with
. options [Path = fonts/raleway/].
. 
. This font family consists of the following shapes:
.................................................
luaotfload | load : auto-selecting default features for script: dflt
luaotfload | load : path lookup of "fonts/raleway/Raleway-Medium" unsuccessful, 
falling back to file:
luaotfload | load : auto-selecting default features for script: dflt
luaotfload | load : path lookup of "fonts/raleway/Raleway-Medium" unsuccessful, 
falling back to file:
luaotfload: font no 29 (Raleway-Medium) defines feature kern for script latn
luaotfload: font no 29 (Raleway-Medium) defines feature kern for script latn
.................................................
. fontspec info: "defining-font"
. 
. Font family 'Raleway-Medium(0)' created for font 'Raleway-Medium' with
. options [Path = fonts/raleway/].
. 
. This font family consists of the following shapes:
.................................................
luaotfload | load : auto-selecting default features for script: dflt
luaotfload | load : path lookup of "fonts/lato/Lato-Bol" unsuccessful, falling b
ack to file:
luaotfload | load : auto-selecting default features for script: dflt
luaotfload | load : path lookup of "fonts/lato/Lato-Bol" unsuccessful, falling b
ack to file:
luaotfload: font no 57 (Lato-Bold) defines feature kern for script latn
luaotfload: font no 57 (Lato-Bold) defines feature kern for script latn
.................................................
. fontspec info: "defining-font"
. 
. Font family 'Lato-Bol(0)' created for font 'Lato-Bol' with options [Path =
. fonts/lato/].
. 
. This font family consists of the following shapes:
.................................................
luaotfload | load : auto-selecting default features for script: latn
luaotfload | load : no defaults for script "latn", falling back to "dflt"
luaotfload | load : path lookup of "fonts/lato/Lato-Bol" unsuccessful, falling b
ack to file:
luaotfload | load : auto-selecting default features for script: dflt
luaotfload | load : path lookup of "fonts/raleway/Raleway-Medium" unsuccessful, 
falling back to file:
luaotfload | load : auto-selecting default features for script: dflt
luaotfload | load : path lookup of "fonts/raleway/Raleway-Medium" unsuccessful, 
falling back to file:
luaotfload: font no 29 (Raleway-Medium) defines feature kern for script latn
luaotfload: font no 29 (Raleway-Medium) defines feature kern for script latn
.................................................
. fontspec info: "defining-font"
. 
. Font family 'Raleway-Medium(0)' created for font 'Raleway-Medium' with
. options [Path = fonts/raleway/].
. 
. This font family consists of the following shapes:
.................................................
luaotfload | load : auto-selecting default features for script: dflt
luaotfload | load : path lookup of "fonts/raleway/Raleway-Medium" unsuccessful, 
falling back to file:
luaotfload | load : auto-selecting default features for script: dflt
luaotfload | load : path lookup of "fonts/raleway/Raleway-Medium" unsuccessful, 
falling back to file:
luaotfload: font no 29 (Raleway-Medium) defines feature kern for script latn
luaotfload: font no 29 (Raleway-Medium) defines feature kern for script latn
.................................................
. fontspec info: "defining-font"
. 
. Font family 'Raleway-Medium(0)' created for font 'Raleway-Medium' with
. options [Path = fonts/raleway/].
. 
. This font family consists of the following shapes:
.................................................
luaotfload | load : auto-selecting default features for script: dflt
luaotfload | load : path lookup of "fonts/lato/Lato-Bol" unsuccessful, falling b
ack to file:
luaotfload | load : auto-selecting default features for script: dflt
luaotfload | load : path lookup of "fonts/lato/Lato-Bol" unsuccessful, falling b
ack to file:
luaotfload: font no 57 (Lato-Bold) defines feature kern for script latn
luaotfload: font no 57 (Lato-Bold) defines feature kern for script latn
.................................................
. fontspec info: "defining-font"
. 
. Font family 'Lato-Bol(0)' created for font 'Lato-Bol' with options [Path =
. fonts/lato/].
. 
. This font family consists of the following shapes:
.................................................
luaotfload | load : auto-selecting default features for script: dflt
luaotfload | load : path lookup of "fonts/lato/Lato-Lig" unsuccessful, falling b
ack to file:
luaotfload | load : auto-selecting default features for script: dflt
luaotfload | load : path lookup of "fonts/lato/Lato-Lig" unsuccessful, falling b
ack to file:
luaotfload: font no 21 (Lato-Light) defines feature kern for script latn
luaotfload: font no 21 (Lato-Light) defines feature kern for script latn
.................................................
. fontspec info: "defining-font"
. 
. Font family 'Lato-Lig(1)' created for font 'Lato-Lig' with options [Path =
. fonts/lato/].
. 
. This font family consists of the following shapes:
.................................................
luaotfload | load : auto-selecting default features for script: dflt
luaotfload | load : path lookup of "fonts/lato/Lato-Bol" unsuccessful, falling b
ack to file:
luaotfload | load : auto-selecting default features for script: dflt
luaotfload | load : path lookup of "fonts/lato/Lato-Bol" unsuccessful, falling b
ack to file:
luaotfload: font no 57 (Lato-Bold) defines feature kern for script latn
luaotfload: font no 57 (Lato-Bold) defines feature kern for script latn
.................................................
. fontspec info: "defining-font"
. 
. Font family 'Lato-Bol(0)' created for font 'Lato-Bol' with options [Path =
. fonts/lato/].
. 
. This font family consists of the following shapes:
.................................................
luaotfload | load : auto-selecting default features for script: dflt
luaotfload | load : path lookup of "fonts/raleway/Raleway-Medium" unsuccessful, 
falling back to file:
luaotfload | load : auto-selecting default features for script: dflt
luaotfload | load : path lookup of "fonts/raleway/Raleway-Medium" unsuccessful, 
falling back to file:
luaotfload: font no 29 (Raleway-Medium) defines feature kern for script latn
luaotfload: font no 29 (Raleway-Medium) defines feature kern for script latn
.................................................
. fontspec info: "defining-font"
. 
. Font family 'Raleway-Medium(0)' created for font 'Raleway-Medium' with
. options [Path = fonts/raleway/].
. 
. This font family consists of the following shapes:
.................................................
luaotfload | load : auto-selecting default features for script: dflt
luaotfload | load : path lookup of "fonts/raleway/Raleway-Medium" unsuccessful, 
falling back to file:
luaotfload | load : auto-selecting default features for script: dflt
luaotfload | load : path lookup of "fonts/raleway/Raleway-Medium" unsuccessful, 
falling back to file:
luaotfload: font no 55 (Raleway-Medium) defines feature kern for script latn
luaotfload: font no 55 (Raleway-Medium) defines feature kern for script latn
.................................................
. fontspec info: "defining-font"
. 
. Font family 'Raleway-Medium(0)' created for font 'Raleway-Medium' with
. options [Path = fonts/raleway/].
. 
. This font family consists of the following shapes:
.................................................
luaotfload | load : auto-selecting default features for script: dflt
luaotfload | load : path lookup of "fonts/raleway/Raleway-Medium" unsuccessful, 
falling back to file:
luaotfload | load : auto-selecting default features for script: dflt
luaotfload | load : path lookup of "fonts/raleway/Raleway-Medium" unsuccessful, 
falling back to file:
luaotfload: font no 29 (Raleway-Medium) defines feature kern for script latn
luaotfload: font no 29 (Raleway-Medium) defines feature kern for script latn
.................................................
. fontspec info: "defining-font"
. 
. Font family 'Raleway-Medium(0)' created for font 'Raleway-Medium' with
. options [Path = fonts/raleway/].
. 
. This font family consists of the following shapes:
.................................................
luaotfload | load : auto-selecting default features for script: dflt
luaotfload | load : path lookup of "fonts/lato/Lato-Lig" unsuccessful, falling b
ack to file:
luaotfload | load : auto-selecting default features for script: dflt
luaotfload | load : path lookup of "fonts/lato/Lato-Lig" unsuccessful, falling b
ack to file:
luaotfload: font no 21 (Lato-Light) defines feature kern for script latn
luaotfload: font no 21 (Lato-Light) defines feature kern for script latn
.................................................
. fontspec info: "defining-font"
. 
. Font family 'Lato-Lig(1)' created for font 'Lato-Lig' with options [Path =
. fonts/lato/].
. 
. This font family consists of the following shapes:
.................................................
luaotfload | load : auto-selecting default features for script: dflt
luaotfload | load : path lookup of "fonts/lato/Lato-Bol" unsuccessful, falling b
ack to file:
luaotfload | load : auto-selecting default features for script: dflt
luaotfload | load : path lookup of "fonts/lato/Lato-Bol" unsuccessful, falling b
ack to file:
luaotfload: font no 57 (Lato-Bold) defines feature kern for script latn
luaotfload: font no 57 (Lato-Bold) defines feature kern for script latn
.................................................
. fontspec info: "defining-font"
. 
. Font family 'Lato-Bol(0)' created for font 'Lato-Bol' with options [Path =
. fonts/lato/].
. 
. This font family consists of the following shapes:
.................................................
luaotfload | load : auto-selecting default features for script: latn
luaotfload | load : no defaults for script "latn", falling back to "dflt"
luaotfload | load : path lookup of "fonts/lato/Lato-Lig" unsuccessful, falling b
ack to file:
luaotfload | load : auto-selecting default features for script: latn
luaotfload | load : no defaults for script "latn", falling back to "dflt"
luaotfload | load : path lookup of "fonts/lato/Lato-Lig" unsuccessful, falling b
ack to file:
luaotfload | load : auto-selecting default features for script: dflt
luaotfload | load : path lookup of "fonts/raleway/Raleway-Medium" unsuccessful, 
falling back to file:
luaotfload | load : auto-selecting default features for script: dflt
luaotfload | load : path lookup of "fonts/raleway/Raleway-Medium" unsuccessful, 
falling back to file:
luaotfload: font no 61 (Raleway-Medium) defines feature kern for script latn
luaotfload: font no 61 (Raleway-Medium) defines feature kern for script latn
.................................................
. fontspec info: "defining-font"
. 
. Font family 'Raleway-Medium(0)' created for font 'Raleway-Medium' with
. options [Path = fonts/raleway/].
. 
. This font family consists of the following shapes:
.................................................
luaotfload | load : auto-selecting default features for script: latn
luaotfload | load : no defaults for script "latn", falling back to "dflt"
luaotfload | load : path lookup of "fonts/raleway/Raleway-Medium" unsuccessful, 
falling back to file:
luaotfload | load : auto-selecting default features for script: dflt
luaotfload | load : path lookup of "fonts/raleway/Raleway-Medium" unsuccessful, 
falling back to file:
luaotfload | load : auto-selecting default features for script: dflt
luaotfload | load : path lookup of "fonts/raleway/Raleway-Medium" unsuccessful, 
falling back to file:
luaotfload: font no 55 (Raleway-Medium) defines feature kern for script latn
luaotfload: font no 55 (Raleway-Medium) defines feature kern for script latn
.................................................
. fontspec info: "defining-font"
. 
. Font family 'Raleway-Medium(0)' created for font 'Raleway-Medium' with
. options [Path = fonts/raleway/].
. 
. This font family consists of the following shapes:
.................................................
luaotfload | load : auto-selecting default features for script: dflt
luaotfload | load : path lookup of "fonts/lato/Lato-Lig" unsuccessful, falling b
ack to file:
luaotfload | load : auto-selecting default features for script: dflt
luaotfload | load : path lookup of "fonts/lato/Lato-Lig" unsuccessful, falling b
ack to file:
luaotfload: font no 21 (Lato-Light) defines feature kern for script latn
luaotfload: font no 21 (Lato-Light) defines feature kern for script latn
.................................................
. fontspec info: "defining-font"
. 
. Font family 'Lato-Lig(1)' created for font 'Lato-Lig' with options [Path =
. fonts/lato/].
. 
. This font family consists of the following shapes:
.................................................
luaotfload | load : auto-selecting default features for script: latn
luaotfload | load : no defaults for script "latn", falling back to "dflt"
luaotfload | load : path lookup of "fonts/lato/Lato-Lig" unsuccessful, falling b
ack to file:
luaotfload | load : auto-selecting default features for script: latn
luaotfload | load : no defaults for script "latn", falling back to "dflt"
luaotfload | load : path lookup of "fonts/lato/Lato-Lig" unsuccessful, falling b
ack to file:
luaotfload | load : auto-selecting default features for script: dflt
luaotfload | load : auto-selecting default features for script: dflt
luaotfload | load : auto-selecting default features for script: dflt
luaotfload | load : auto-selecting default features for script: dflt
LaTeX Font Info:    External font `cmex10' loaded for size
(Font)              <7> on input line 152.
luaotfload | load : auto-selecting default features for script: dflt
LaTeX Font Info:    External font `cmex10' loaded for size
(Font)              <5> on input line 152.
luaotfload | load : auto-selecting default features for script: dflt
luaotfload | load : auto-selecting default features for script: dflt
Overfull \hbox (15.86093pt too wide) in paragraph at lines 152--158
[][][]  
 []

luaotfload | load : auto-selecting default features for script: dflt
luaotfload | load : path lookup of "fonts/lato/Lato-Lig" unsuccessful, falling b
ack to file:
luaotfload | load : auto-selecting default features for script: dflt
luaotfload | load : path lookup of "fonts/lato/Lato-Lig" unsuccessful, falling b
ack to file:
luaotfload: font no 21 (Lato-Light) defines feature kern for script latn
luaotfload: font no 21 (Lato-Light) defines feature kern for script latn
.................................................
. fontspec info: "defining-font"
. 
. Font family 'Lato-Lig(1)' created for font 'Lato-Lig' with options [Path =
. fonts/lato/].
. 
. This font family consists of the following shapes:
.................................................
luaotfload | load : auto-selecting default features for script: dflt
luaotfload | load : path lookup of "fonts/lato/Lato-Lig" unsuccessful, falling b
ack to file:
luaotfload | load : auto-selecting default features for script: dflt
luaotfload | load : path lookup of "fonts/lato/Lato-Lig" unsuccessful, falling b
ack to file:
luaotfload: font no 21 (Lato-Light) defines feature kern for script latn
luaotfload: font no 21 (Lato-Light) defines feature kern for script latn
.................................................
. fontspec info: "defining-font"
. 
. Font family 'Lato-Lig(1)' created for font 'Lato-Lig' with options [Path =
. fonts/lato/].
. 
. This font family consists of the following shapes:
.................................................
luaotfload | load : auto-selecting default features for script: dflt
luaotfload | load : path lookup of "fonts/lato/Lato-Lig" unsuccessful, falling b
ack to file:
luaotfload | load : auto-selecting default features for script: dflt
luaotfload | load : path lookup of "fonts/lato/Lato-Lig" unsuccessful, falling b
ack to file:
luaotfload: font no 21 (Lato-Light) defines feature kern for script latn
luaotfload: font no 21 (Lato-Light) defines feature kern for script latn
.................................................
. fontspec info: "defining-font"
. 
. Font family 'Lato-Lig(1)' created for font 'Lato-Lig' with options [Path =
. fonts/lato/].
. 
. This font family consists of the following shapes:
.................................................
Package atveryend Info: Empty hook `BeforeClearDocument' on input line 227.
[1

{C:/ProgramData/MiKTeX/2.9/pdftex/config/pdftex.map}]
Package atveryend Info: Empty hook `AfterLastShipout' on input line 227.

(H:/cs150/resume/cv_12.aux)
Package atveryend Info: Executing hook `AtVeryEndDocument' on input line 227.
Package atveryend Info: Executing hook `AtEndAfterFileList' on input line 227.
Package rerunfilecheck Info: File `cv_12.out' has not changed.
(rerunfilecheck)             Checksum: FF3E404B7E5A25B1D4B98AD51A084994;677.


LaTeX Font Warning: Size substitutions with differences
(Font)              up to 0.5pt have occurred.


LaTeX Font Warning: Some font shapes were not available, defaults substituted.

Package atveryend Info: Empty hook `AtVeryVeryEnd' on input line 227.
 )

Here is how much of LuaTeX's memory you used:
 19796 strings out of 494074
 100000,552014 words of node,token memory allocated
 323 words of node memory still in use:
    nodes
   avail lists: 1:1,2:6468,3:5160,4:1153,5:140,6:2002,7:62,8:21,9:193,10:173
 22527 multiletter control sequences out of 65536+200000
 69 fonts using 3935103 bytes
 55i,8n,90p,347b,485s stack positions out of 5000i,500n,10000p,200000b,50000s
<H:/cs150/resume/fonts/lato/Lato-Bol.ttf><H:/cs150/resume/fonts/lato/Lato-Reg.tt
f><H:/cs150/resume/fonts/raleway/Raleway-Medium.otf><H:/cs150/resume/fonts/lato/
Lato-Lig.ttf>
Output written on cv_12.pdf (1 page, 55847 bytes).

PDF statistics: 98 PDF objects out of 1000 (max. 8388607)
 15 named destinations out of 1000 (max. 131072)
 105 words of extra memory for PDF output out of 10000 (max. 10000000)

